<?xml version="1.0" encoding="UTF-8"?>
<!-- Generated by org.testng.reporters.JUnitReportReporter -->
<testsuite hostname="ROBAYET" failures="0" tests="1" name="com.testng.TestCases.TestCases" time="0.684" errors="0" timestamp="2025-01-19T23:38:15 BDT" skipped="0">
  <testcase classname="com.testng.TestCases.TestCases" name="loginFlow" time="0.684"/>
</testsuite> <!-- com.testng.TestCases.TestCases -->
