<?xml version="1.0" encoding="UTF-8"?>
<!-- Generated by org.testng.reporters.JUnitReportReporter -->
<testsuite hostname="ROBAYET" failures="0" tests="3" name="tests.OpenCartTest" time="16.013" errors="0" timestamp="2025-02-04T21:41:24 BDT" skipped="0">
  <testcase classname="tests.OpenCartTest" name="testUserRegistration" time="12.528"/>
  <system-out/>
  <testcase classname="tests.OpenCartTest" name="testProductSearch" time="1.394"/>
  <system-out/>
  <testcase classname="tests.OpenCartTest" name="testAddToCart" time="2.091"/>
  <system-out/>
</testsuite> <!-- tests.OpenCartTest -->
