<?xml version="1.0" encoding="UTF-8"?>
<!-- Generated by org.testng.reporters.JUnitReportReporter -->
<testsuite hostname="ROBAYET" failures="0" tests="3" name="pages.OpenCartTest" time="7.670" errors="0" timestamp="2025-02-03T02:22:47 BDT" skipped="0">
  <testcase classname="pages.OpenCartTest" name="testUserRegistration" time="4.822"/>
  <system-out/>
  <testcase classname="pages.OpenCartTest" name="testProductSearch" time="0.919"/>
  <system-out/>
  <testcase classname="pages.OpenCartTest" name="testAddToCart" time="1.929"/>
  <system-out/>
</testsuite> <!-- pages.OpenCartTest -->
