<?xml version="1.0" encoding="UTF-8"?>
<!-- Generated by org.testng.reporters.JUnitReportReporter -->
<testsuite hostname="ROBAYET" failures="0" tests="2" name="com.testng.TestCases.TestCases" time="3.405" errors="0" timestamp="2025-02-03T02:14:18 BDT" skipped="1">
  <testcase classname="com.testng.TestCases.TestCases" name="loginTest" time="3.405"/>
  <system-out/>
  <testcase classname="com.testng.TestCases.TestCases" name="registerAccount">
    <skipped/>
  </testcase> <!-- registerAccount -->
  <system-out/>
</testsuite> <!-- com.testng.TestCases.TestCases -->
